<?xml version="1.0" encoding="UTF-8"?>
<!-- Generated by org.testng.reporters.JUnitReportReporter -->
<testsuite skipped="0" hostname="PC-57246-236" name="seleniumsessions.TestNgParameter" tests="1" failures="0" timestamp="08 Oct 2018 18:48:41 GMT" time="54.959" errors="0">
  <testcase name="yahoologinTest" time="54.959" classname="seleniumsessions.TestNgParameter"/>
</testsuite> <!-- seleniumsessions.TestNgParameter -->
