<?xml version="1.0" encoding="UTF-8"?>
<!-- Generated by org.testng.reporters.JUnitReportReporter -->
<testsuite skipped="0" hostname="PC-57246-236" name="seleniumsessions.TestNg" tests="2" failures="0" timestamp="07 Oct 2018 20:58:11 GMT" time="18.379" errors="0">
  <testcase name="googleTitleText" time="4.612" classname="seleniumsessions.TestNg"/>
  <testcase name="url" time="13.767" classname="seleniumsessions.TestNg"/>
</testsuite> <!-- seleniumsessions.TestNg -->
